-------------------------------------------------------------------------------
Test set: paolo9688.MainTest
-------------------------------------------------------------------------------
Tests run: 1, Failures: 0, Errors: 1, Skipped: 0, Time elapsed: 0.017 s <<< FAILURE! - in paolo9688.MainTest
initializationError(paolo9688.MainTest)  Time elapsed: 0 s  <<< ERROR!
java.lang.Exception: Method testGetFullData() should be public

