<?xml version="1.0" encoding="UTF-8"?>
<testsuite xmlns:xsi="http://www.w3.org/2001/XMLSchema-instance" xsi:noNamespaceSchemaLocation="https://maven.apache.org/surefire/maven-surefire-plugin/xsd/surefire-test-report.xsd" name="paolo9688.DataTest" time="0.034" tests="3" errors="0" skipped="0" failures="0">
  <properties>
[...]
</properties>
  <testcase name="mediumDataTest" classname="paolo9688.DataTest" time="0.007"/>
  <testcase name="fullDataTest" classname="paolo9688.DataTest" time="0.001"/>
  <testcase name="shortDataTest" classname="paolo9688.DataTest" time="0"/>
</testsuite>